########### array before sorts ###########
0	-94.885000	89.235556	-94.885000	0.500000	n
1	-94.885000	0.500000	-2.007153	0.500000	n
2	-2.007153	0.500000	-1.746483	0.534318	n
3	-1.746483	0.534318	-1.503577	0.634933	n
4	-1.503577	0.634933	-1.294988	0.794988	n
5	-1.294988	0.794988	-1.134933	1.003577	n
6	-1.134933	1.003577	-1.034318	1.246483	n
7	-1.034318	1.246483	-1.000000	1.507153	n
8	-1.000000	1.507153	-1.000000	89.345834	n
9	-1.000000	89.345834	-1.011046	89.429735	n
10	-1.011046	89.429735	-1.043430	89.507917	n
11	-1.043430	89.507917	-1.094946	89.575054	n
12	-1.094946	89.575054	-1.162083	89.626570	n
13	-1.162083	89.626570	-1.240265	89.658954	n
14	-1.240265	89.658954	-1.324166	89.670000	n
15	-1.324166	89.670000	-94.450556	89.670000	n
16	-94.450556	89.670000	-94.562999	89.655197	n
17	-94.562999	89.655197	-94.667778	89.611796	n
18	-94.667778	89.611796	-94.757754	89.542754	n
19	-94.757754	89.542754	-94.826796	89.452778	n
20	-94.826796	89.452778	-94.870197	89.347999	n
21	-94.870197	89.347999	-94.885000	89.235556	n
Tolerance=0.050000.
*Exact match for i=0 and j=1.
*i point -94.885000	89.235556	-94.885000	0.500000	y
*Exact match for i=1 and j=2.
*i point -94.885000	0.500000	-2.007153	0.500000	y
*Exact match for i=2 and j=3.
*i point -2.007153	0.500000	-1.746483	0.534318	y
*Exact match for i=3 and j=4.
*i point -1.746483	0.534318	-1.503577	0.634933	y
*Exact match for i=4 and j=5.
*i point -1.503577	0.634933	-1.294988	0.794988	y
*Exact match for i=5 and j=6.
*i point -1.294988	0.794988	-1.134933	1.003577	y
*Exact match for i=6 and j=7.
*i point -1.134933	1.003577	-1.034318	1.246483	y
*Exact match for i=7 and j=8.
*i point -1.034318	1.246483	-1.000000	1.507153	y
*Exact match for i=8 and j=9.
*i point -1.000000	1.507153	-1.000000	89.345834	y
*Exact match for i=9 and j=10.
*i point -1.000000	89.345834	-1.011046	89.429735	y
*Exact match for i=10 and j=11.
*i point -1.011046	89.429735	-1.043430	89.507917	y
*Exact match for i=11 and j=12.
*i point -1.043430	89.507917	-1.094946	89.575054	y
*Exact match for i=12 and j=13.
*i point -1.094946	89.575054	-1.162083	89.626570	y
*Exact match for i=13 and j=14.
*i point -1.162083	89.626570	-1.240265	89.658954	y
*Exact match for i=14 and j=15.
*i point -1.240265	89.658954	-1.324166	89.670000	y
*Exact match for i=15 and j=16.
*i point -1.324166	89.670000	-94.450556	89.670000	y
*Exact match for i=16 and j=17.
*i point -94.450556	89.670000	-94.562999	89.655197	y
*Exact match for i=17 and j=18.
*i point -94.562999	89.655197	-94.667778	89.611796	y
*Exact match for i=18 and j=19.
*i point -94.667778	89.611796	-94.757754	89.542754	y
*Exact match for i=19 and j=20.
*i point -94.757754	89.542754	-94.826796	89.452778	y
*Exact match for i=20 and j=21.
*i point -94.826796	89.452778	-94.870197	89.347999	y
########### array after sorts ###########
0	-94.885000	89.235556	-94.885000	0.500000	y
1	-94.885000	0.500000	-2.007153	0.500000	y
2	-2.007153	0.500000	-1.746483	0.534318	y
3	-1.746483	0.534318	-1.503577	0.634933	y
4	-1.503577	0.634933	-1.294988	0.794988	y
5	-1.294988	0.794988	-1.134933	1.003577	y
6	-1.134933	1.003577	-1.034318	1.246483	y
7	-1.034318	1.246483	-1.000000	1.507153	y
8	-1.000000	1.507153	-1.000000	89.345834	y
9	-1.000000	89.345834	-1.011046	89.429735	y
10	-1.011046	89.429735	-1.043430	89.507917	y
11	-1.043430	89.507917	-1.094946	89.575054	y
12	-1.094946	89.575054	-1.162083	89.626570	y
13	-1.162083	89.626570	-1.240265	89.658954	y
14	-1.240265	89.658954	-1.324166	89.670000	y
15	-1.324166	89.670000	-94.450556	89.670000	y
16	-94.450556	89.670000	-94.562999	89.655197	y
17	-94.562999	89.655197	-94.667778	89.611796	y
18	-94.667778	89.611796	-94.757754	89.542754	y
19	-94.757754	89.542754	-94.826796	89.452778	y
20	-94.826796	89.452778	-94.870197	89.347999	y
21	-94.870197	89.347999	-94.885000	89.235556	y
***************
.BOARD_OUTLINE UNOWNED
1.6
0     -94.885000     89.235556     0
0     -94.885000     0.500000     0
0     -2.007153     0.500000     0
0     -1.746483     0.534318     0
0     -1.503577     0.634933     0
0     -1.294988     0.794988     0
0     -1.134933     1.003577     0
0     -1.034318     1.246483     0
0     -1.000000     1.507153     0
0     -1.000000     89.345834     0
0     -1.011046     89.429735     0
0     -1.043430     89.507917     0
0     -1.094946     89.575054     0
0     -1.162083     89.626570     0
0     -1.240265     89.658954     0
0     -1.324166     89.670000     0
0     -94.450556     89.670000     0
0     -94.562999     89.655197     0
0     -94.667778     89.611796     0
0     -94.757754     89.542754     0
0     -94.826796     89.452778     0
0     -94.870197     89.347999     0
0     -94.885000     89.235556     0
